[LOG] System::create                           : Header version = 2.01.05. Current version = 2.01.05.
[LOG] Manager::init                            : maxchannels = 256 studioflags = 00000006 flags 00000000 extradriverdata 0000000000000000.
[LOG] SystemI::init                            : Initialize version=20105 (112138), maxchannels=256, flags=0x00020000
[LOG] SystemI::setOutputInternal               : Setting output to 'FMOD WASAPI Output'
[LOG] OutputWASAPI::init                       : Mix Format (WAVEFORMATEX): wFormatTag=0xFFFE, nChannels=8, nSamplesPerSec=48000, nAvgBytesPerSec=1536000, nBlockAlign=32, wBitsPerSample=32, cbSize=22.
[LOG] OutputWASAPI::init                       : Mix Format (WAVEFORMATEXTENSIBLE): wValidBitsPerSample=32, dwChannelMask=0x0000063F, SubFormat=00000003-0000-0010-8000-00AA00389B71.
[LOG] OutputWASAPI::init                       : Output buffer size: 4096 samples, latency: 0.00ms, period: 10.00ms, DSP buffer: 1024 * 4
[LOG] DownMix::init                            : dspbuffersize: 1024  rate: 48000. output speaker mode: 7, input speaker mode 3
[LOG] DownMix::init                            : done.
[LOG] Thread::initThread                       : Init FMOD stream thread. Affinity: 0x8000000000000003, Priority: 0xFFFF7FFB, Stack Size: 98304, Semaphore: No, Sleep Time: 10, Looping: Yes.
[LOG] Thread::initThread                       : Init FMOD mixer thread. Affinity: 0x8000000000000001, Priority: 0xFFFF7FFA, Stack Size: 81920, Semaphore: No, Sleep Time: 0, Looping: Yes.
[LOG] AsyncManager::init                       : manager 000001493FC4B888 isAsync 0 updatePeriod 0.02
[LOG] AsyncManager::init                       : done
[LOG] PlaybackSystem::init                     : 
[LOG] Thread::initThread                       : Init FMOD Studio sample load thread. Affinity: 0x8000000000000003, Priority: 0xFFFF7FFD, Stack Size: 98304, Semaphore: No, Sleep Time: 1, Looping: No.
[LOG] PlaybackSystem::init                     : done
[LOG] Thread::initThread                       : Init FMOD Studio bank load thread. Affinity: 0x8000000000000003, Priority: 0xFFFF7FFD, Stack Size: 98304, Semaphore: No, Sleep Time: 1, Looping: No.
[LOG] Manager::init                            : done.
[LOG] SystemI::createSoundInternal             : Create name='', mode=0x02000202
[LOG] SystemI::createSoundInternal             : exinfo->cbsize             = 224
[LOG] SystemI::createSoundInternal             : exinfo->length             = 6031936
[LOG] SystemI::createSoundInternal             : exinfo->fileoffset         = 33056
[LOG] SystemI::createSoundInternal             : exinfo->numsubsounds       = 1
[LOG] SystemI::createSoundInternal             : exinfo->inclusionlist      = 0000002D96A0F2E8
[LOG] SystemI::createSoundInternal             : exinfo->inclusionlistnum   = 1
[LOG] SystemI::createSoundInternal             : exinfo->suggestedsoundtype = 5
[LOG] SystemI::createSoundInternal             : exinfo->useropen           = 00007FFD7D2A7E30
[LOG] SystemI::createSoundInternal             : exinfo->userclose          = 00007FFD7D2A7E00
[LOG] SystemI::createSoundInternal             : exinfo->userread           = 00007FFD7D2A7F00
[LOG] SystemI::createSoundInternal             : exinfo->userseek           = 00007FFD7D2A7FC0
[LOG] SystemI::createSoundInternal             : exinfo->fileuserdata       = 000001493FCD7D68
[LOG] SystemI::createSoundInternal             : exinfo->initialseekpostype = 1
[LOG] SystemI::DSPCodecPoolRegister            : register codec pool for pool type 5
[LOG] SystemI::createSoundInternal             : Sample 0/1: name='Ripple3', format=5, channels=2, frequency=48000, lengthbytes=17824, lengthpcm=71466, pcmblocksize=0, loopstart=0, loopend=0, mode=0x00000000, channelmask=0x00000000, channelorder=0, peakvolume=0.115076.
[LOG] SystemI::createSoundInternal             : Create name='', mode=0x02000202
[LOG] SystemI::createSoundInternal             : exinfo->cbsize             = 224
[LOG] SystemI::createSoundInternal             : exinfo->length             = 6031936
[LOG] SystemI::createSoundInternal             : exinfo->fileoffset         = 33056
[LOG] SystemI::createSoundInternal             : exinfo->numsubsounds       = 1
[LOG] SystemI::createSoundInternal             : exinfo->inclusionlist      = 0000002D96A0F2E8
[LOG] SystemI::createSoundInternal             : exinfo->inclusionlistnum   = 1
[LOG] SystemI::createSoundInternal             : exinfo->suggestedsoundtype = 5
[LOG] SystemI::createSoundInternal             : exinfo->useropen           = 00007FFD7D2A7E30
[LOG] SystemI::createSoundInternal             : exinfo->userclose          = 00007FFD7D2A7E00
[LOG] SystemI::createSoundInternal             : exinfo->userread           = 00007FFD7D2A7F00
[LOG] SystemI::createSoundInternal             : exinfo->userseek           = 00007FFD7D2A7FC0
[LOG] SystemI::createSoundInternal             : exinfo->fileuserdata       = 000001493FCD7D68
[LOG] SystemI::createSoundInternal             : exinfo->initialseekpostype = 1
[LOG] SystemI::DSPCodecPoolRegister            : register codec pool for pool type 5
[LOG] SystemI::createSoundInternal             : Sample 0/1: name='Ripple1', format=5, channels=2, frequency=48000, lengthbytes=20320, lengthpcm=79727, pcmblocksize=0, loopstart=0, loopend=0, mode=0x00000000, channelmask=0x00000000, channelorder=0, peakvolume=0.069055.
[LOG] SystemI::createSoundInternal             : Create name='', mode=0x02000202
[LOG] SystemI::createSoundInternal             : exinfo->cbsize             = 224
[LOG] SystemI::createSoundInternal             : exinfo->length             = 6031936
[LOG] SystemI::createSoundInternal             : exinfo->fileoffset         = 33056
[LOG] SystemI::createSoundInternal             : exinfo->numsubsounds       = 1
[LOG] SystemI::createSoundInternal             : exinfo->inclusionlist      = 0000002D96A0F2E8
[LOG] SystemI::createSoundInternal             : exinfo->inclusionlistnum   = 1
[LOG] SystemI::createSoundInternal             : exinfo->suggestedsoundtype = 5
[LOG] SystemI::createSoundInternal             : exinfo->useropen           = 00007FFD7D2A7E30
[LOG] SystemI::createSoundInternal             : exinfo->userclose          = 00007FFD7D2A7E00
[LOG] SystemI::createSoundInternal             : exinfo->userread           = 00007FFD7D2A7F00
[LOG] SystemI::createSoundInternal             : exinfo->userseek           = 00007FFD7D2A7FC0
[LOG] SystemI::createSoundInternal             : exinfo->fileuserdata       = 000001493FCD7D68
[LOG] SystemI::createSoundInternal             : exinfo->initialseekpostype = 1
[LOG] SystemI::DSPCodecPoolRegister            : register codec pool for pool type 5
[LOG] SystemI::createSoundInternal             : Sample 0/1: name='Ripple2', format=5, channels=2, frequency=48000, lengthbytes=13696, lengthpcm=48857, pcmblocksize=0, loopstart=0, loopend=0, mode=0x00000000, channelmask=0x00000000, channelorder=0, peakvolume=0.098673.
[LOG] SystemI::createSound                     : filename = ChristmasBottles\Build\Desktop/Master.bank : mode 02010082
[LOG] SystemI::createSound                     : FMOD_NONBLOCKING specified.  Putting into queue to be opened asynchronously!
[LOG] SystemI::createSound                     : setdata soundi = 0000014A48E939C8 : node = 000001493DCF3920
[LOG] SystemI::createSound                     : add node to async list : head = 0000014A56091D98.  list count = 0
[LOG] AsyncThread::threadFunc                  : Starting Asynchronous operation on sound 0000014A48E939C8
[LOG] SystemI::createSoundInternal             :     Create name='ChristmasBottles\Build\Desktop/Master.bank', mode=0x02010082
[LOG] SystemI::createSoundInternal             :     exinfo->cbsize             = 224
[LOG] SystemI::createSoundInternal             :     exinfo->length             = 6031936
[LOG] SystemI::createSoundInternal             :     exinfo->fileoffset         = 33056
[LOG] SystemI::createSoundInternal             :     exinfo->numsubsounds       = 1
[LOG] SystemI::createSoundInternal             :     exinfo->inclusionlist      = 000001493DCF3A30
[LOG] SystemI::createSoundInternal             :     exinfo->inclusionlistnum   = 1
[LOG] SystemI::createSoundInternal             :     exinfo->suggestedsoundtype = 5
[LOG] SystemI::createSoundInternal             :     exinfo->initialseekpostype = 1
[LOG] SystemI::createSoundInternal             :     Stream 0/1: name='Level3', format=5, channels=2, frequency=48000, lengthbytes=830144, lengthpcm=3205566, pcmblocksize=0, loopstart=0, loopend=0, mode=0x00000000, channelmask=0x00000000, channelorder=0, peakvolume=0.067117.
[LOG] AsyncThread::threadFunc                  : Finished Asynchronous operation on sound 0000014A48E939C8
[LOG] SoundI::release                          : Level3 (00000149A7FCE3D8)
[LOG] SoundI::release                          :     Level3 (0000014992248918)
[LOG] SoundI::release                          :     Level3 (00000149A7FCF668)
[LOG] SystemI::createSound                     : filename = ChristmasBottles\Build\Desktop/Master.bank : mode 02010082
[LOG] SystemI::createSound                     : FMOD_NONBLOCKING specified.  Putting into queue to be opened asynchronously!
[LOG] SystemI::createSound                     : setdata soundi = 0000014A48E93308 : node = 0000014991BE66E0
[LOG] SystemI::createSound                     : add node to async list : head = 0000014A56091D98.  list count = 0
[LOG] AsyncThread::threadFunc                  : Starting Asynchronous operation on sound 0000014A48E93308
[LOG] SystemI::createSoundInternal             :     Create name='ChristmasBottles\Build\Desktop/Master.bank', mode=0x02010082
[LOG] SystemI::createSoundInternal             :     exinfo->cbsize             = 224
[LOG] SystemI::createSoundInternal             :     exinfo->length             = 6031936
[LOG] SystemI::createSoundInternal             :     exinfo->fileoffset         = 33056
[LOG] SystemI::createSoundInternal             :     exinfo->numsubsounds       = 1
[LOG] SystemI::createSoundInternal             :     exinfo->inclusionlist      = 0000014991BE67F0
[LOG] SystemI::createSoundInternal             :     exinfo->inclusionlistnum   = 1
[LOG] SystemI::createSoundInternal             :     exinfo->suggestedsoundtype = 5
[LOG] SystemI::createSoundInternal             :     exinfo->initialseekposition = 1500
[LOG] SystemI::createSoundInternal             :     exinfo->initialseekpostype = 1
[LOG] SystemI::createSoundInternal             :     Stream 0/1: name='WaterCalm', format=5, channels=2, frequency=48000, lengthbytes=801728, lengthpcm=3470925, pcmblocksize=0, loopstart=0, loopend=0, mode=0x00000000, channelmask=0x00000000, channelorder=0, peakvolume=0.020512.
[LOG] AsyncThread::threadFunc                  : Finished Asynchronous operation on sound 0000014A48E93308
[LOG] SoundI::release                          : WaterCalm (00000149A7FCE078)
[LOG] SoundI::release                          :     WaterCalm (0000014992247C18)
[LOG] SoundI::release                          :     WaterCalm (00000149A7FCEFA8)
[LOG] SoundI::release                          : Level3 (0000014A48E939C8)
[LOG] SoundI::release                          :     Level3 (0000014992246558)
[LOG] SoundI::release                          :     Level3 (0000014A48E92A98)
[LOG] SoundI::release                          : WaterCalm (0000014A48E93308)
[LOG] SoundI::release                          :     WaterCalm (0000014992248DF8)
[LOG] SoundI::release                          :     WaterCalm (0000014A48E93B78)
[LOG] SoundI::release                          :  (000001494560FEA8)
[LOG] SoundI::release                          :     Ripple1 (0000014992248F98)
[LOG] SoundI::release                          :  (0000014998DEC918)
[LOG] SoundI::release                          :     Ripple2 (00000149922478D8)
[LOG] SoundI::release                          :  (0000014945611CD8)
[LOG] SoundI::release                          :     Ripple3 (0000014992248C58)
[LOG] SoundI::release                          :  (0000014998DECED8)
[LOG] SoundI::release                          :     Level3End (00000149922456B8)
[LOG] Thread::callback                         : FMOD Studio update thread finished.
[LOG] Thread::callback                         : FMOD Studio bank load thread finished.
[LOG] Profile::disconnectAll                   : Profiler disconnecting all clients
[LOG] Thread::callback                         : FMOD Studio sample load thread finished.
[LOG] LiveUpdate::release                      : 
[LOG] LiveUpdate::reset                        : Reset connection (reason Disconnected)
[LOG] Thread::callback                         : FMOD stream thread finished.
[LOG] Thread::callback                         : FMOD mixer thread finished.
[LOG] Profile::disconnectAll                   : Profiler disconnecting all clients
[LOG] SystemI::close                           : Closed.
[LOG] Manager::readBank                        : fileversion = 125, compatVersion = 119 (oldest = 44, newest = 135)
[LOG] PlaybackSystem::acquireMasterBus         : Setting master channel group format to 6
[LOG] SystemI::createSoundInternal             : Create name='', mode=0x02000202
[LOG] SystemI::createSoundInternal             : exinfo->cbsize             = 224
[LOG] SystemI::createSoundInternal             : exinfo->length             = 6031936
[LOG] SystemI::createSoundInternal             : exinfo->fileoffset         = 33056
[LOG] SystemI::createSoundInternal             : exinfo->numsubsounds       = 1
[LOG] SystemI::createSoundInternal             : exinfo->inclusionlist      = 0000002D97C0EFF8
[LOG] SystemI::createSoundInternal             : exinfo->inclusionlistnum   = 1
[LOG] SystemI::createSoundInternal             : exinfo->suggestedsoundtype = 5
[LOG] SystemI::createSoundInternal             : exinfo->useropen           = 00007FFD7D2A7E30
[LOG] SystemI::createSoundInternal             : exinfo->userclose          = 00007FFD7D2A7E00
[LOG] SystemI::createSoundInternal             : exinfo->userread           = 00007FFD7D2A7F00
[LOG] SystemI::createSoundInternal             : exinfo->userseek           = 00007FFD7D2A7FC0
[LOG] SystemI::createSoundInternal             : exinfo->fileuserdata       = 0000014A6013DE58
[LOG] SystemI::createSoundInternal             : exinfo->initialseekpostype = 1
[LOG] SystemI::DSPCodecPoolRegister            : register codec pool for pool type 5
[LOG] SystemI::createSoundInternal             : Sample 0/1: name='Interface', format=5, channels=2, frequency=48000, lengthbytes=3584, lengthpcm=20854, pcmblocksize=0, loopstart=0, loopend=0, mode=0x00000000, channelmask=0x00000000, channelorder=0, peakvolume=0.112748.
[LOG] SoundI::release                          :  (0000014998DEB4F8)
[LOG] SoundI::release                          :     Interface (00000149922470B8)
